Standard Commons Logging discovery in action with spring-jcl: please remove commons-logging.jar from classpath in order to avoid potential conflicts

  .   ____          _            __ _ _
 /\\ / ___'_ __ _ _(_)_ __  __ _ \ \ \ \
( ( )\___ | '_ | '_| | '_ \/ _` | \ \ \ \
 \\/  ___)| |_)| | | | | || (_| |  ) ) ) )
  '  |____| .__|_| |_|_| |_\__, | / / / /
 =========|_|==============|___/=/_/_/_/

 :: Spring Boot ::      (v3.5.10-SNAPSHOT)

2026-01-21T11:46:42.142+09:00  INFO 44640 --- [           main] c.m.l.LoveAlgorithmApplication           : Starting LoveAlgorithmApplication v0.0.1-SNAPSHOT using Java 17.0.17 with PID 44640 (/Users/king/madcamp/love_algorithm/love-algorithm/build/libs/love-algorithm-0.0.1-SNAPSHOT.jar started by king in /Users/king/madcamp/love_algorithm/love-algorithm)
2026-01-21T11:46:42.153+09:00  INFO 44640 --- [           main] c.m.l.LoveAlgorithmApplication           : No active profile set, falling back to 1 default profile: "default"
2026-01-21T11:46:46.214+09:00  INFO 44640 --- [           main] .s.d.r.c.RepositoryConfigurationDelegate : Bootstrapping Spring Data JPA repositories in DEFAULT mode.
2026-01-21T11:46:46.827+09:00  INFO 44640 --- [           main] .s.d.r.c.RepositoryConfigurationDelegate : Finished Spring Data repository scanning in 570 ms. Found 8 JPA repository interfaces.
2026-01-21T11:46:50.741+09:00  INFO 44640 --- [           main] o.s.b.w.embedded.tomcat.TomcatWebServer  : Tomcat initialized with port 8081 (http)
2026-01-21T11:46:50.808+09:00  INFO 44640 --- [           main] o.apache.catalina.core.StandardService   : Starting service [Tomcat]
2026-01-21T11:46:50.808+09:00  INFO 44640 --- [           main] o.apache.catalina.core.StandardEngine    : Starting Servlet engine: [Apache Tomcat/10.1.50]
2026-01-21T11:46:50.957+09:00  INFO 44640 --- [           main] o.a.c.c.C.[Tomcat].[localhost].[/]       : Initializing Spring embedded WebApplicationContext
2026-01-21T11:46:50.964+09:00  INFO 44640 --- [           main] w.s.c.ServletWebServerApplicationContext : Root WebApplicationContext: initialization completed in 8616 ms
Standard Commons Logging discovery in action with spring-jcl: please remove commons-logging.jar from classpath in order to avoid potential conflicts
2026-01-21T11:46:52.204+09:00  INFO 44640 --- [           main] o.hibernate.jpa.internal.util.LogHelper  : HHH000204: Processing PersistenceUnitInfo [name: default]
2026-01-21T11:46:52.385+09:00  INFO 44640 --- [           main] org.hibernate.Version                    : HHH000412: Hibernate ORM core version 6.6.41.Final
2026-01-21T11:46:52.508+09:00  INFO 44640 --- [           main] o.h.c.internal.RegionFactoryInitiator    : HHH000026: Second-level cache disabled
2026-01-21T11:46:53.775+09:00  INFO 44640 --- [           main] o.s.o.j.p.SpringPersistenceUnitInfo      : No LoadTimeWeaver setup: ignoring JPA class transformer
2026-01-21T11:46:53.906+09:00  INFO 44640 --- [           main] com.zaxxer.hikari.HikariDataSource       : HikariPool-1 - Starting...
2026-01-21T11:46:54.386+09:00  INFO 44640 --- [           main] com.zaxxer.hikari.pool.HikariPool        : HikariPool-1 - Added connection com.mysql.cj.jdbc.ConnectionImpl@4ad1a276
2026-01-21T11:46:54.392+09:00  INFO 44640 --- [           main] com.zaxxer.hikari.HikariDataSource       : HikariPool-1 - Start completed.
2026-01-21T11:46:54.626+09:00  INFO 44640 --- [           main] org.hibernate.orm.connections.pooling    : HHH10001005: Database info:
	Database JDBC URL [Connecting through datasource 'HikariDataSource (HikariPool-1)']
	Database driver: undefined/unknown
	Database version: 9.5
	Autocommit mode: undefined/unknown
	Isolation level: undefined/unknown
	Minimum pool size: undefined/unknown
	Maximum pool size: undefined/unknown
2026-01-21T11:46:58.064+09:00  INFO 44640 --- [           main] o.h.e.t.j.p.i.JtaPlatformInitiator       : HHH000489: No JTA platform available (set 'hibernate.transaction.jta.platform' to enable JTA platform integration)
Hibernate: 
    alter table game_option 
       drop 
       foreign key FKlkjcu479344wuhqrxbwdehh1d
Hibernate: 
    alter table option_score 
       drop 
       foreign key FK4y2yc0vd412p3hhcukdkg6u6l
Hibernate: 
    alter table save_slots 
       drop 
       foreign key FK207btw67nl3fepabhcuahgbn
Hibernate: 
    alter table scripts 
       drop 
       foreign key FKi2o70r8hx0vx878wgmskacmvf
Hibernate: 
    alter table user_affinity 
       drop 
       foreign key FK23cxua7g1wkdhcvb7x02d0gs8
Hibernate: 
    alter table users 
       drop 
       foreign key FKfm8rm8ks0kgj4fhlmmljkj17x
Hibernate: 
    drop table if exists accounts
Hibernate: 
    drop table if exists game_option
Hibernate: 
    drop table if exists option_score
Hibernate: 
    drop table if exists save_slots
Hibernate: 
    drop table if exists scenes
Hibernate: 
    drop table if exists scripts
Hibernate: 
    drop table if exists user_affinity
Hibernate: 
    drop table if exists users
Hibernate: 
    create table accounts (
        account_id bigint not null auto_increment,
        created_at datetime(6),
        last_login_at datetime(6),
        email varchar(255) not null,
        nickname varchar(255),
        password_hash varchar(255),
        social_id varchar(255),
        role enum ('ADMIN','USER'),
        social_provider enum ('APPLE','GOOGLE','KAKAO','LOCAL'),
        primary key (account_id)
    ) engine=InnoDB
Hibernate: 
    create table game_option (
        id bigint not null auto_increment,
        next_scene_id varchar(255),
        scene_id varchar(255),
        text varchar(255),
        primary key (id)
    ) engine=InnoDB
Hibernate: 
    create table option_score (
        score integer not null,
        id bigint not null auto_increment,
        option_id bigint,
        target_character_id varchar(255),
        primary key (id)
    ) engine=InnoDB
Hibernate: 
    create table save_slots (
        love_dohee integer,
        love_jisoo integer,
        love_sera integer,
        slot_number integer not null,
        id bigint not null auto_increment,
        updated_at datetime(6),
        user_id bigint not null,
        current_scene_id varchar(255),
        game_state TEXT,
        in_game_nickname varchar(255),
        save_title varchar(255),
        scene_description varchar(255),
        primary key (id)
    ) engine=InnoDB
Hibernate: 
    create table scenes (
        event_seq integer,
        chapter_id varchar(255),
        default_next_scene_id varchar(255),
        scene_id varchar(255) not null,
        title varchar(255),
        primary key (scene_id)
    ) engine=InnoDB
Hibernate: 
    create table scripts (
        script_index integer,
        background_img_id varchar(255),
        background_sound_id varchar(255),
        character_img_id varchar(255),
        content TEXT,
        effect_sound_id varchar(255),
        overlay_image_id varchar(255),
        scene_id varchar(255),
        script_id varchar(255) not null,
        speaker_id varchar(255),
        type enum ('GAME','INPUT','KAKAO','NARRATION','TEXT','THINK','시스템','전환'),
        primary key (script_id)
    ) engine=InnoDB
Hibernate: 
    create table user_affinity (
        score integer not null,
        id bigint not null auto_increment,
        user_id bigint,
        target_character_id varchar(255),
        primary key (id)
    ) engine=InnoDB
Hibernate: 
    create table users (
        account_id bigint,
        created_at datetime(6),
        updated_at datetime(6),
        user_id bigint not null auto_increment,
        current_scene_id varchar(255),
        name varchar(255),
        primary key (user_id)
    ) engine=InnoDB
Hibernate: 
    alter table accounts 
       add constraint UKn7ihswpy07ci568w34q0oi8he unique (email)
Hibernate: 
    alter table save_slots 
       add constraint UKble5kj9bk3863aq8atbfk74jy unique (user_id, slot_number)
Hibernate: 
    alter table users 
       add constraint UK1yov8c5ew74vlt8qra6cewq99 unique (account_id)
Hibernate: 
    alter table game_option 
       add constraint FKlkjcu479344wuhqrxbwdehh1d 
       foreign key (scene_id) 
       references scenes (scene_id)
Hibernate: 
    alter table option_score 
       add constraint FK4y2yc0vd412p3hhcukdkg6u6l 
       foreign key (option_id) 
       references game_option (id)
Hibernate: 
    alter table save_slots 
       add constraint FK207btw67nl3fepabhcuahgbn 
       foreign key (user_id) 
       references users (user_id)
Hibernate: 
    alter table scripts 
       add constraint FKi2o70r8hx0vx878wgmskacmvf 
       foreign key (scene_id) 
       references scenes (scene_id)
Hibernate: 
    alter table user_affinity 
       add constraint FK23cxua7g1wkdhcvb7x02d0gs8 
       foreign key (user_id) 
       references users (user_id)
Hibernate: 
    alter table users 
       add constraint FKfm8rm8ks0kgj4fhlmmljkj17x 
       foreign key (account_id) 
       references accounts (account_id)
2026-01-21T11:46:58.441+09:00  INFO 44640 --- [           main] j.LocalContainerEntityManagerFactoryBean : Initialized JPA EntityManagerFactory for persistence unit 'default'
2026-01-21T11:47:00.135+09:00  INFO 44640 --- [           main] o.s.d.j.r.query.QueryEnhancerFactory     : Hibernate is in classpath; If applicable, HQL parser will be used.
2026-01-21T11:47:02.221+09:00  WARN 44640 --- [           main] JpaBaseConfiguration$JpaWebConfiguration : spring.jpa.open-in-view is enabled by default. Therefore, database queries may be performed during view rendering. Explicitly configure spring.jpa.open-in-view to disable this warning
2026-01-21T11:47:03.977+09:00  WARN 44640 --- [           main] ConfigServletWebServerApplicationContext : Exception encountered during context initialization - cancelling refresh attempt: org.springframework.context.ApplicationContextException: Failed to start bean 'webServerStartStop'
2026-01-21T11:47:03.980+09:00  INFO 44640 --- [           main] j.LocalContainerEntityManagerFactoryBean : Closing JPA EntityManagerFactory for persistence unit 'default'
2026-01-21T11:47:03.986+09:00  INFO 44640 --- [           main] com.zaxxer.hikari.HikariDataSource       : HikariPool-1 - Shutdown initiated...
2026-01-21T11:47:04.004+09:00  INFO 44640 --- [           main] com.zaxxer.hikari.HikariDataSource       : HikariPool-1 - Shutdown completed.
2026-01-21T11:47:04.045+09:00  INFO 44640 --- [           main] .s.b.a.l.ConditionEvaluationReportLogger : 

Error starting ApplicationContext. To display the condition evaluation report re-run your application with 'debug' enabled.
2026-01-21T11:47:04.088+09:00 ERROR 44640 --- [           main] o.s.b.d.LoggingFailureAnalysisReporter   : 

***************************
APPLICATION FAILED TO START
***************************

Description:

Web server failed to start. Port 8081 was already in use.

Action:

Identify and stop the process that's listening on port 8081 or configure this application to listen on another port.

